27-Jan-2024 15:20:31.133 정보 [main] org.apache.catalina.startup.VersionLoggerListener.log 서버 버전 이름:    Apache Tomcat/8.5.96
27-Jan-2024 15:20:31.138 정보 [main] org.apache.catalina.startup.VersionLoggerListener.log Server 빌드 시각:  Nov 10 2023 14:56:59 UTC
27-Jan-2024 15:20:31.139 정보 [main] org.apache.catalina.startup.VersionLoggerListener.log Server 버전 번호:  8.5.96.0
27-Jan-2024 15:20:31.139 정보 [main] org.apache.catalina.startup.VersionLoggerListener.log 운영체제 이름:     Windows 10
27-Jan-2024 15:20:31.139 정보 [main] org.apache.catalina.startup.VersionLoggerListener.log 운영체제 버전:     10.0
27-Jan-2024 15:20:31.139 정보 [main] org.apache.catalina.startup.VersionLoggerListener.log 아키텍처:          amd64
27-Jan-2024 15:20:31.139 정보 [main] org.apache.catalina.startup.VersionLoggerListener.log 자바 홈:           C:\Users\yuumi\.jdks\corretto-17.0.9
27-Jan-2024 15:20:31.140 정보 [main] org.apache.catalina.startup.VersionLoggerListener.log JVM 버전:          17.0.9+8-LTS
27-Jan-2024 15:20:31.140 정보 [main] org.apache.catalina.startup.VersionLoggerListener.log JVM 벤더:          Amazon.com Inc.
27-Jan-2024 15:20:31.140 정보 [main] org.apache.catalina.startup.VersionLoggerListener.log CATALINA_BASE:     C:\Users\yuumi\DadokDadok
27-Jan-2024 15:20:31.140 정보 [main] org.apache.catalina.startup.VersionLoggerListener.log CATALINA_HOME:     C:\Users\yuumi\Downloads\apache-tomcat-8.5.96
27-Jan-2024 15:20:31.142 정보 [main] org.apache.catalina.startup.VersionLoggerListener.log 명령 행 아규먼트:  --add-opens=java.base/java.lang=ALL-UNNAMED
27-Jan-2024 15:20:31.142 정보 [main] org.apache.catalina.startup.VersionLoggerListener.log 명령 행 아규먼트:  --add-opens=java.base/java.io=ALL-UNNAMED
27-Jan-2024 15:20:31.142 정보 [main] org.apache.catalina.startup.VersionLoggerListener.log 명령 행 아규먼트:  --add-opens=java.base/java.util=ALL-UNNAMED
27-Jan-2024 15:20:31.142 정보 [main] org.apache.catalina.startup.VersionLoggerListener.log 명령 행 아규먼트:  --add-opens=java.base/java.util.concurrent=ALL-UNNAMED
27-Jan-2024 15:20:31.143 정보 [main] org.apache.catalina.startup.VersionLoggerListener.log 명령 행 아규먼트:  --add-opens=java.rmi/sun.rmi.transport=ALL-UNNAMED
27-Jan-2024 15:20:31.143 정보 [main] org.apache.catalina.startup.VersionLoggerListener.log 명령 행 아규먼트:  -Dcatalina.home=C:\Users\yuumi\Downloads\apache-tomcat-8.5.96
27-Jan-2024 15:20:31.144 정보 [main] org.apache.catalina.startup.VersionLoggerListener.log 명령 행 아규먼트:  -Dcatalina.base=C:\Users\yuumi\DadokDadok
27-Jan-2024 15:20:31.144 정보 [main] org.apache.catalina.startup.VersionLoggerListener.log 명령 행 아규먼트:  -Djava.io.tmpdir=C:\Users\yuumi\DadokDadok\temp
27-Jan-2024 15:20:31.144 정보 [main] org.apache.catalina.startup.VersionLoggerListener.log 명령 행 아규먼트:  -Djava.util.logging.config.file=C:\Users\yuumi\DadokDadok\conf\logging.properties
27-Jan-2024 15:20:31.144 정보 [main] org.apache.catalina.startup.VersionLoggerListener.log 명령 행 아규먼트:  -Djava.util.logging.manager=org.apache.juli.ClassLoaderLogManager
27-Jan-2024 15:20:31.144 정보 [main] org.apache.catalina.startup.VersionLoggerListener.log 명령 행 아규먼트:  -javaagent:C:\Program Files\JetBrains\IntelliJ IDEA Community Edition 2023.3.1\lib\idea_rt.jar=55685:C:\Program Files\JetBrains\IntelliJ IDEA Community Edition 2023.3.1\bin
27-Jan-2024 15:20:31.144 정보 [main] org.apache.catalina.startup.VersionLoggerListener.log 명령 행 아규먼트:  -Dfile.encoding=UTF-8
27-Jan-2024 15:20:31.144 정보 [main] org.apache.catalina.core.AprLifecycleListener.lifecycleEvent 프로덕션 환경들에서 최적의 성능을 제공하는, APR 기반 Apache Tomcat Native 라이브러리가, 다음 java.library.path에서 발견되지 않습니다: [C:\Users\yuumi\.jdks\corretto-17.0.9\bin;C:\WINDOWS\Sun\Java\bin;C:\WINDOWS\system32;C:\WINDOWS;C:\Program Files\Common Files\Oracle\Java\javapath;C:\jdk1.8\bin;C:\Program Files (x86)\Common Files\Oracle\Java\javapath;C:\WINDOWS\system32;C:\WINDOWS;C:\WINDOWS\System32\Wbem;C:\WINDOWS\System32\WindowsPowerShell\v1.0\;C:\WINDOWS\System32\OpenSSH\;C:\Program Files (x86)\NVIDIA Corporation\PhysX\Common;C:\Program Files\NVIDIA Corporation\NVIDIA NvDLISR;C:\Program Files\Git\cmd;C:\Program Files\Bandizip\;C:\Users\yuumi\AppData\Local\Programs\Python\Python311\Scripts\;C:\Users\yuumi\AppData\Local\Programs\Python\Python311\;C:\Users\yuumi\AppData\Local\Microsoft\WindowsApps;;C:\Users\yuumi\AppData\Local\Programs\Microsoft VS Code\bin;.]
27-Jan-2024 15:20:31.238 정보 [main] org.apache.coyote.AbstractProtocol.init 프로토콜 핸들러 ["http-nio-8080"]을(를) 초기화합니다.
27-Jan-2024 15:20:31.271 정보 [main] org.apache.catalina.startup.Catalina.load Initialization processed in 1007 ms
27-Jan-2024 15:20:31.373 정보 [main] org.apache.catalina.core.StandardService.startInternal 서비스 [Catalina]을(를) 시작합니다.
27-Jan-2024 15:20:31.373 정보 [main] org.apache.catalina.core.StandardEngine.startInternal 서버 엔진을 시작합니다: [Apache Tomcat/8.5.96]
27-Jan-2024 15:20:31.404 정보 [localhost-startStop-1] org.apache.catalina.startup.HostConfig.deployDescriptor 배치 descriptor [C:\Users\yuumi\DadokDadok\conf\Catalina\localhost\DadokDadok.xml]을(를) 배치합니다.
27-Jan-2024 15:20:41.410 정보 [localhost-startStop-1] org.apache.jasper.servlet.TldScanner.scanJars 적어도 하나의 JAR가 TLD들을 찾기 위해 스캔되었으나 아무 것도 찾지 못했습니다. 스캔했으나 TLD가 없는 JAR들의 전체 목록을 보시려면, 로그 레벨을 디버그 레벨로 설정하십시오. 스캔 과정에서 불필요한 JAR들을 건너뛰면, 시스템 시작 시간과 JSP 컴파일 시간을 단축시킬 수 있습니다.
27-Jan-2024 15:20:53.911 경고 [localhost-startStop-1] org.apache.catalina.util.SessionIdGeneratorBase.createSecureRandom [SHA1PRNG] 알고리즘을 사용하여, 세션 ID를 생성하기 위한 SecureRandom 객체를 생성하는데, [115] 밀리초가 소요됐습니다.
27-Jan-2024 15:20:58.315 정보 [localhost-startStop-1] org.apache.catalina.startup.HostConfig.deployDescriptor 배치 descriptor [C:\Users\yuumi\DadokDadok\conf\Catalina\localhost\DadokDadok.xml]의 배치가 [26,910] 밀리초 내에 완료되었습니다.
27-Jan-2024 15:20:58.322 정보 [main] org.apache.coyote.AbstractProtocol.start 프로토콜 핸들러 ["http-nio-8080"]을(를) 시작합니다.
27-Jan-2024 15:20:58.358 정보 [main] org.apache.catalina.startup.Catalina.start Server startup in 27086 ms
27-Jan-2024 15:22:07.891 정보 [Thread-1] org.apache.coyote.AbstractProtocol.pause 프로토콜 핸들러 ["http-nio-8080"]을(를) 일시 정지 중
27-Jan-2024 15:22:07.913 정보 [Thread-1] org.apache.catalina.core.StandardService.stopInternal 서비스 [Catalina]을(를) 중지시킵니다.
27-Jan-2024 15:22:07.956 경고 [localhost-startStop-2] org.apache.catalina.loader.WebappClassLoaderBase.clearReferencesJdbc 웹 애플리케이션 [DadokDadok]이(가) JDBC 드라이버 [net.sf.log4jdbc.sql.jdbcapi.DriverSpy]을(를) 등록했지만, 웹 애플리케이션이 중지될 때, 해당 JDBC 드라이버의 등록을 제거하지 못했습니다. 메모리 누수를 방지하기 위하여, 등록을 강제로 제거했습니다.
27-Jan-2024 15:22:07.957 경고 [localhost-startStop-2] org.apache.catalina.loader.WebappClassLoaderBase.clearReferencesJdbc 웹 애플리케이션 [DadokDadok]이(가) JDBC 드라이버 [com.mysql.cj.jdbc.Driver]을(를) 등록했지만, 웹 애플리케이션이 중지될 때, 해당 JDBC 드라이버의 등록을 제거하지 못했습니다. 메모리 누수를 방지하기 위하여, 등록을 강제로 제거했습니다.
27-Jan-2024 15:22:07.957 경고 [localhost-startStop-2] org.apache.catalina.loader.WebappClassLoaderBase.clearReferencesThreads 웹 애플리케이션 [DadokDadok]이(가) [mysql-cj-abandoned-connection-cleanup](이)라는 이름의 쓰레드를 시작시킨 것으로 보이지만, 해당 쓰레드를 중지시키지 못했습니다. 이는 메모리 누수를 유발할 가능성이 큽니다. 해당 쓰레드의 스택 트레이스:
 java.base@17.0.9/java.lang.Object.wait(Native Method)
 java.base@17.0.9/java.lang.ref.ReferenceQueue.remove(ReferenceQueue.java:155)
 com.mysql.cj.jdbc.AbandonedConnectionCleanupThread.run(AbandonedConnectionCleanupThread.java:91)
 java.base@17.0.9/java.util.concurrent.ThreadPoolExecutor.runWorker(ThreadPoolExecutor.java:1136)
 java.base@17.0.9/java.util.concurrent.ThreadPoolExecutor$Worker.run(ThreadPoolExecutor.java:635)
 java.base@17.0.9/java.lang.Thread.run(Thread.java:840)
27-Jan-2024 15:22:07.966 정보 [Thread-1] org.apache.coyote.AbstractProtocol.stop 프로토콜 핸들러 ["http-nio-8080"]을(를) 중지시킵니다.
27-Jan-2024 15:22:07.977 정보 [Thread-1] org.apache.coyote.AbstractProtocol.destroy 프로토콜 핸들러 ["http-nio-8080"]을(를) 소멸시킵니다.
27-Jan-2024 15:22:11.945 정보 [main] org.apache.catalina.startup.VersionLoggerListener.log 서버 버전 이름:    Apache Tomcat/8.5.96
27-Jan-2024 15:22:11.951 정보 [main] org.apache.catalina.startup.VersionLoggerListener.log Server 빌드 시각:  Nov 10 2023 14:56:59 UTC
27-Jan-2024 15:22:11.951 정보 [main] org.apache.catalina.startup.VersionLoggerListener.log Server 버전 번호:  8.5.96.0
27-Jan-2024 15:22:11.952 정보 [main] org.apache.catalina.startup.VersionLoggerListener.log 운영체제 이름:     Windows 10
27-Jan-2024 15:22:11.952 정보 [main] org.apache.catalina.startup.VersionLoggerListener.log 운영체제 버전:     10.0
27-Jan-2024 15:22:11.952 정보 [main] org.apache.catalina.startup.VersionLoggerListener.log 아키텍처:          amd64
27-Jan-2024 15:22:11.952 정보 [main] org.apache.catalina.startup.VersionLoggerListener.log 자바 홈:           C:\Users\yuumi\.jdks\corretto-17.0.9
27-Jan-2024 15:22:11.952 정보 [main] org.apache.catalina.startup.VersionLoggerListener.log JVM 버전:          17.0.9+8-LTS
27-Jan-2024 15:22:11.959 정보 [main] org.apache.catalina.startup.VersionLoggerListener.log JVM 벤더:          Amazon.com Inc.
27-Jan-2024 15:22:11.959 정보 [main] org.apache.catalina.startup.VersionLoggerListener.log CATALINA_BASE:     C:\Users\yuumi\DadokDadok
27-Jan-2024 15:22:11.959 정보 [main] org.apache.catalina.startup.VersionLoggerListener.log CATALINA_HOME:     C:\Users\yuumi\Downloads\apache-tomcat-8.5.96
27-Jan-2024 15:22:11.961 정보 [main] org.apache.catalina.startup.VersionLoggerListener.log 명령 행 아규먼트:  --add-opens=java.base/java.lang=ALL-UNNAMED
27-Jan-2024 15:22:11.962 정보 [main] org.apache.catalina.startup.VersionLoggerListener.log 명령 행 아규먼트:  --add-opens=java.base/java.io=ALL-UNNAMED
27-Jan-2024 15:22:11.962 정보 [main] org.apache.catalina.startup.VersionLoggerListener.log 명령 행 아규먼트:  --add-opens=java.base/java.util=ALL-UNNAMED
27-Jan-2024 15:22:11.962 정보 [main] org.apache.catalina.startup.VersionLoggerListener.log 명령 행 아규먼트:  --add-opens=java.base/java.util.concurrent=ALL-UNNAMED
27-Jan-2024 15:22:11.962 정보 [main] org.apache.catalina.startup.VersionLoggerListener.log 명령 행 아규먼트:  --add-opens=java.rmi/sun.rmi.transport=ALL-UNNAMED
27-Jan-2024 15:22:11.962 정보 [main] org.apache.catalina.startup.VersionLoggerListener.log 명령 행 아규먼트:  -Dcatalina.home=C:\Users\yuumi\Downloads\apache-tomcat-8.5.96
27-Jan-2024 15:22:11.962 정보 [main] org.apache.catalina.startup.VersionLoggerListener.log 명령 행 아규먼트:  -Dcatalina.base=C:\Users\yuumi\DadokDadok
27-Jan-2024 15:22:11.963 정보 [main] org.apache.catalina.startup.VersionLoggerListener.log 명령 행 아규먼트:  -Djava.io.tmpdir=C:\Users\yuumi\DadokDadok\temp
27-Jan-2024 15:22:11.963 정보 [main] org.apache.catalina.startup.VersionLoggerListener.log 명령 행 아규먼트:  -Djava.util.logging.config.file=C:\Users\yuumi\DadokDadok\conf\logging.properties
27-Jan-2024 15:22:11.963 정보 [main] org.apache.catalina.startup.VersionLoggerListener.log 명령 행 아규먼트:  -Djava.util.logging.manager=org.apache.juli.ClassLoaderLogManager
27-Jan-2024 15:22:11.963 정보 [main] org.apache.catalina.startup.VersionLoggerListener.log 명령 행 아규먼트:  -javaagent:C:\Program Files\JetBrains\IntelliJ IDEA Community Edition 2023.3.1\lib\idea_rt.jar=55815:C:\Program Files\JetBrains\IntelliJ IDEA Community Edition 2023.3.1\bin
27-Jan-2024 15:22:11.963 정보 [main] org.apache.catalina.startup.VersionLoggerListener.log 명령 행 아규먼트:  -Dfile.encoding=UTF-8
27-Jan-2024 15:22:11.963 정보 [main] org.apache.catalina.core.AprLifecycleListener.lifecycleEvent 프로덕션 환경들에서 최적의 성능을 제공하는, APR 기반 Apache Tomcat Native 라이브러리가, 다음 java.library.path에서 발견되지 않습니다: [C:\Users\yuumi\.jdks\corretto-17.0.9\bin;C:\WINDOWS\Sun\Java\bin;C:\WINDOWS\system32;C:\WINDOWS;C:\Program Files\Common Files\Oracle\Java\javapath;C:\jdk1.8\bin;C:\Program Files (x86)\Common Files\Oracle\Java\javapath;C:\WINDOWS\system32;C:\WINDOWS;C:\WINDOWS\System32\Wbem;C:\WINDOWS\System32\WindowsPowerShell\v1.0\;C:\WINDOWS\System32\OpenSSH\;C:\Program Files (x86)\NVIDIA Corporation\PhysX\Common;C:\Program Files\NVIDIA Corporation\NVIDIA NvDLISR;C:\Program Files\Git\cmd;C:\Program Files\Bandizip\;C:\Users\yuumi\AppData\Local\Programs\Python\Python311\Scripts\;C:\Users\yuumi\AppData\Local\Programs\Python\Python311\;C:\Users\yuumi\AppData\Local\Microsoft\WindowsApps;;C:\Users\yuumi\AppData\Local\Programs\Microsoft VS Code\bin;.]
27-Jan-2024 15:22:12.046 정보 [main] org.apache.coyote.AbstractProtocol.init 프로토콜 핸들러 ["http-nio-8080"]을(를) 초기화합니다.
27-Jan-2024 15:22:12.084 정보 [main] org.apache.catalina.startup.Catalina.load Initialization processed in 637 ms
27-Jan-2024 15:22:12.163 정보 [main] org.apache.catalina.core.StandardService.startInternal 서비스 [Catalina]을(를) 시작합니다.
27-Jan-2024 15:22:12.164 정보 [main] org.apache.catalina.core.StandardEngine.startInternal 서버 엔진을 시작합니다: [Apache Tomcat/8.5.96]
27-Jan-2024 15:22:12.190 정보 [localhost-startStop-1] org.apache.catalina.startup.HostConfig.deployDescriptor 배치 descriptor [C:\Users\yuumi\DadokDadok\conf\Catalina\localhost\ROOT.xml]을(를) 배치합니다.
27-Jan-2024 15:22:22.601 정보 [localhost-startStop-1] org.apache.jasper.servlet.TldScanner.scanJars 적어도 하나의 JAR가 TLD들을 찾기 위해 스캔되었으나 아무 것도 찾지 못했습니다. 스캔했으나 TLD가 없는 JAR들의 전체 목록을 보시려면, 로그 레벨을 디버그 레벨로 설정하십시오. 스캔 과정에서 불필요한 JAR들을 건너뛰면, 시스템 시작 시간과 JSP 컴파일 시간을 단축시킬 수 있습니다.
27-Jan-2024 15:22:33.569 경고 [localhost-startStop-1] org.apache.catalina.util.SessionIdGeneratorBase.createSecureRandom [SHA1PRNG] 알고리즘을 사용하여, 세션 ID를 생성하기 위한 SecureRandom 객체를 생성하는데, [109] 밀리초가 소요됐습니다.
27-Jan-2024 15:22:36.318 정보 [localhost-startStop-1] org.apache.catalina.startup.HostConfig.deployDescriptor 배치 descriptor [C:\Users\yuumi\DadokDadok\conf\Catalina\localhost\ROOT.xml]의 배치가 [24,128] 밀리초 내에 완료되었습니다.
27-Jan-2024 15:22:36.321 정보 [main] org.apache.coyote.AbstractProtocol.start 프로토콜 핸들러 ["http-nio-8080"]을(를) 시작합니다.
27-Jan-2024 15:22:36.349 정보 [main] org.apache.catalina.startup.Catalina.start Server startup in 24263 ms
27-Jan-2024 15:26:57.974 정보 [Thread-1] org.apache.coyote.AbstractProtocol.pause 프로토콜 핸들러 ["http-nio-8080"]을(를) 일시 정지 중
27-Jan-2024 15:26:57.996 정보 [Thread-1] org.apache.catalina.core.StandardService.stopInternal 서비스 [Catalina]을(를) 중지시킵니다.
27-Jan-2024 15:26:58.057 경고 [localhost-startStop-2] org.apache.catalina.loader.WebappClassLoaderBase.clearReferencesJdbc 웹 애플리케이션 [ROOT]이(가) JDBC 드라이버 [net.sf.log4jdbc.sql.jdbcapi.DriverSpy]을(를) 등록했지만, 웹 애플리케이션이 중지될 때, 해당 JDBC 드라이버의 등록을 제거하지 못했습니다. 메모리 누수를 방지하기 위하여, 등록을 강제로 제거했습니다.
27-Jan-2024 15:26:58.058 경고 [localhost-startStop-2] org.apache.catalina.loader.WebappClassLoaderBase.clearReferencesJdbc 웹 애플리케이션 [ROOT]이(가) JDBC 드라이버 [com.mysql.cj.jdbc.Driver]을(를) 등록했지만, 웹 애플리케이션이 중지될 때, 해당 JDBC 드라이버의 등록을 제거하지 못했습니다. 메모리 누수를 방지하기 위하여, 등록을 강제로 제거했습니다.
27-Jan-2024 15:26:58.058 경고 [localhost-startStop-2] org.apache.catalina.loader.WebappClassLoaderBase.clearReferencesThreads 웹 애플리케이션 [ROOT]이(가) [mysql-cj-abandoned-connection-cleanup](이)라는 이름의 쓰레드를 시작시킨 것으로 보이지만, 해당 쓰레드를 중지시키지 못했습니다. 이는 메모리 누수를 유발할 가능성이 큽니다. 해당 쓰레드의 스택 트레이스:
 java.base@17.0.9/java.lang.Object.wait(Native Method)
 java.base@17.0.9/java.lang.ref.ReferenceQueue.remove(ReferenceQueue.java:155)
 com.mysql.cj.jdbc.AbandonedConnectionCleanupThread.run(AbandonedConnectionCleanupThread.java:91)
 java.base@17.0.9/java.util.concurrent.ThreadPoolExecutor.runWorker(ThreadPoolExecutor.java:1136)
 java.base@17.0.9/java.util.concurrent.ThreadPoolExecutor$Worker.run(ThreadPoolExecutor.java:635)
 java.base@17.0.9/java.lang.Thread.run(Thread.java:840)
27-Jan-2024 15:26:58.068 정보 [Thread-1] org.apache.coyote.AbstractProtocol.stop 프로토콜 핸들러 ["http-nio-8080"]을(를) 중지시킵니다.
27-Jan-2024 15:26:58.082 정보 [Thread-1] org.apache.coyote.AbstractProtocol.destroy 프로토콜 핸들러 ["http-nio-8080"]을(를) 소멸시킵니다.
27-Jan-2024 15:27:02.673 정보 [main] org.apache.catalina.startup.VersionLoggerListener.log 서버 버전 이름:    Apache Tomcat/8.5.96
27-Jan-2024 15:27:02.687 정보 [main] org.apache.catalina.startup.VersionLoggerListener.log Server 빌드 시각:  Nov 10 2023 14:56:59 UTC
27-Jan-2024 15:27:02.688 정보 [main] org.apache.catalina.startup.VersionLoggerListener.log Server 버전 번호:  8.5.96.0
27-Jan-2024 15:27:02.688 정보 [main] org.apache.catalina.startup.VersionLoggerListener.log 운영체제 이름:     Windows 10
27-Jan-2024 15:27:02.688 정보 [main] org.apache.catalina.startup.VersionLoggerListener.log 운영체제 버전:     10.0
27-Jan-2024 15:27:02.688 정보 [main] org.apache.catalina.startup.VersionLoggerListener.log 아키텍처:          amd64
27-Jan-2024 15:27:02.688 정보 [main] org.apache.catalina.startup.VersionLoggerListener.log 자바 홈:           C:\Users\yuumi\.jdks\corretto-17.0.9
27-Jan-2024 15:27:02.689 정보 [main] org.apache.catalina.startup.VersionLoggerListener.log JVM 버전:          17.0.9+8-LTS
27-Jan-2024 15:27:02.689 정보 [main] org.apache.catalina.startup.VersionLoggerListener.log JVM 벤더:          Amazon.com Inc.
27-Jan-2024 15:27:02.689 정보 [main] org.apache.catalina.startup.VersionLoggerListener.log CATALINA_BASE:     C:\Users\yuumi\DadokDadok
27-Jan-2024 15:27:02.689 정보 [main] org.apache.catalina.startup.VersionLoggerListener.log CATALINA_HOME:     C:\Users\yuumi\Downloads\apache-tomcat-8.5.96
27-Jan-2024 15:27:02.691 정보 [main] org.apache.catalina.startup.VersionLoggerListener.log 명령 행 아규먼트:  --add-opens=java.base/java.lang=ALL-UNNAMED
27-Jan-2024 15:27:02.691 정보 [main] org.apache.catalina.startup.VersionLoggerListener.log 명령 행 아규먼트:  --add-opens=java.base/java.io=ALL-UNNAMED
27-Jan-2024 15:27:02.691 정보 [main] org.apache.catalina.startup.VersionLoggerListener.log 명령 행 아규먼트:  --add-opens=java.base/java.util=ALL-UNNAMED
27-Jan-2024 15:27:02.692 정보 [main] org.apache.catalina.startup.VersionLoggerListener.log 명령 행 아규먼트:  --add-opens=java.base/java.util.concurrent=ALL-UNNAMED
27-Jan-2024 15:27:02.692 정보 [main] org.apache.catalina.startup.VersionLoggerListener.log 명령 행 아규먼트:  --add-opens=java.rmi/sun.rmi.transport=ALL-UNNAMED
27-Jan-2024 15:27:02.692 정보 [main] org.apache.catalina.startup.VersionLoggerListener.log 명령 행 아규먼트:  -Dcatalina.home=C:\Users\yuumi\Downloads\apache-tomcat-8.5.96
27-Jan-2024 15:27:02.692 정보 [main] org.apache.catalina.startup.VersionLoggerListener.log 명령 행 아규먼트:  -Dcatalina.base=C:\Users\yuumi\DadokDadok
27-Jan-2024 15:27:02.692 정보 [main] org.apache.catalina.startup.VersionLoggerListener.log 명령 행 아규먼트:  -Djava.io.tmpdir=C:\Users\yuumi\DadokDadok\temp
27-Jan-2024 15:27:02.693 정보 [main] org.apache.catalina.startup.VersionLoggerListener.log 명령 행 아규먼트:  -Djava.util.logging.config.file=C:\Users\yuumi\DadokDadok\conf\logging.properties
27-Jan-2024 15:27:02.693 정보 [main] org.apache.catalina.startup.VersionLoggerListener.log 명령 행 아규먼트:  -Djava.util.logging.manager=org.apache.juli.ClassLoaderLogManager
27-Jan-2024 15:27:02.693 정보 [main] org.apache.catalina.startup.VersionLoggerListener.log 명령 행 아규먼트:  -javaagent:C:\Program Files\JetBrains\IntelliJ IDEA Community Edition 2023.3.1\lib\idea_rt.jar=56001:C:\Program Files\JetBrains\IntelliJ IDEA Community Edition 2023.3.1\bin
27-Jan-2024 15:27:02.693 정보 [main] org.apache.catalina.startup.VersionLoggerListener.log 명령 행 아규먼트:  -Dfile.encoding=UTF-8
27-Jan-2024 15:27:02.694 정보 [main] org.apache.catalina.core.AprLifecycleListener.lifecycleEvent 프로덕션 환경들에서 최적의 성능을 제공하는, APR 기반 Apache Tomcat Native 라이브러리가, 다음 java.library.path에서 발견되지 않습니다: [C:\Users\yuumi\.jdks\corretto-17.0.9\bin;C:\WINDOWS\Sun\Java\bin;C:\WINDOWS\system32;C:\WINDOWS;C:\Program Files\Common Files\Oracle\Java\javapath;C:\jdk1.8\bin;C:\Program Files (x86)\Common Files\Oracle\Java\javapath;C:\WINDOWS\system32;C:\WINDOWS;C:\WINDOWS\System32\Wbem;C:\WINDOWS\System32\WindowsPowerShell\v1.0\;C:\WINDOWS\System32\OpenSSH\;C:\Program Files (x86)\NVIDIA Corporation\PhysX\Common;C:\Program Files\NVIDIA Corporation\NVIDIA NvDLISR;C:\Program Files\Git\cmd;C:\Program Files\Bandizip\;C:\Users\yuumi\AppData\Local\Programs\Python\Python311\Scripts\;C:\Users\yuumi\AppData\Local\Programs\Python\Python311\;C:\Users\yuumi\AppData\Local\Microsoft\WindowsApps;;C:\Users\yuumi\AppData\Local\Programs\Microsoft VS Code\bin;.]
27-Jan-2024 15:27:02.773 정보 [main] org.apache.coyote.AbstractProtocol.init 프로토콜 핸들러 ["http-nio-8080"]을(를) 초기화합니다.
27-Jan-2024 15:27:02.806 정보 [main] org.apache.catalina.startup.Catalina.load Initialization processed in 763 ms
27-Jan-2024 15:27:02.876 정보 [main] org.apache.catalina.core.StandardService.startInternal 서비스 [Catalina]을(를) 시작합니다.
27-Jan-2024 15:27:02.876 정보 [main] org.apache.catalina.core.StandardEngine.startInternal 서버 엔진을 시작합니다: [Apache Tomcat/8.5.96]
27-Jan-2024 15:27:02.896 정보 [localhost-startStop-1] org.apache.catalina.startup.HostConfig.deployDescriptor 배치 descriptor [C:\Users\yuumi\DadokDadok\conf\Catalina\localhost\ROOT.xml]을(를) 배치합니다.
27-Jan-2024 15:27:13.052 정보 [localhost-startStop-1] org.apache.jasper.servlet.TldScanner.scanJars 적어도 하나의 JAR가 TLD들을 찾기 위해 스캔되었으나 아무 것도 찾지 못했습니다. 스캔했으나 TLD가 없는 JAR들의 전체 목록을 보시려면, 로그 레벨을 디버그 레벨로 설정하십시오. 스캔 과정에서 불필요한 JAR들을 건너뛰면, 시스템 시작 시간과 JSP 컴파일 시간을 단축시킬 수 있습니다.
27-Jan-2024 15:27:23.936 경고 [localhost-startStop-1] org.apache.catalina.util.SessionIdGeneratorBase.createSecureRandom [SHA1PRNG] 알고리즘을 사용하여, 세션 ID를 생성하기 위한 SecureRandom 객체를 생성하는데, [115] 밀리초가 소요됐습니다.
27-Jan-2024 15:27:26.842 정보 [localhost-startStop-1] org.apache.catalina.startup.HostConfig.deployDescriptor 배치 descriptor [C:\Users\yuumi\DadokDadok\conf\Catalina\localhost\ROOT.xml]의 배치가 [23,946] 밀리초 내에 완료되었습니다.
27-Jan-2024 15:27:26.844 정보 [main] org.apache.coyote.AbstractProtocol.start 프로토콜 핸들러 ["http-nio-8080"]을(를) 시작합니다.
27-Jan-2024 15:27:26.868 정보 [main] org.apache.catalina.startup.Catalina.start Server startup in 24061 ms
